<?xml version="1.0" encoding="UTF-8"?>
<!-- Generated by org.testng.reporters.JUnitReportReporter -->
<testsuite hostname="LAPTOP-RKEVC29F" failures="0" tests="3" name="testrunner.tagsTestRunner" time="0.166" errors="0" timestamp="2025-07-23T14:18:23 IST" skipped="0">
  <testcase classname="testrunner.tagsTestRunner" name="runScenario" time="0.004"/>
  <testcase classname="testrunner.tagsTestRunner" name="runScenario" time="0.004"/>
  <testcase classname="testrunner.tagsTestRunner" name="runScenario" time="0.158"/>
</testsuite> <!-- testrunner.tagsTestRunner -->
