<?xml version="1.0" encoding="UTF-8"?>
<!-- Generated by org.testng.reporters.JUnitReportReporter -->
<testsuite hostname="LAPTOP-RKEVC29F" failures="0" tests="6" name="testrunner.tagsTestRunner" time="0.202" errors="0" timestamp="2025-07-23T16:31:33 IST" skipped="0">
  <testcase classname="testrunner.tagsTestRunner" name="runScenario" time="0.004"/>
  <testcase classname="testrunner.tagsTestRunner" name="runScenario" time="0.006"/>
  <testcase classname="testrunner.tagsTestRunner" name="runScenario" time="0.184"/>
  <testcase classname="testrunner.tagsTestRunner" name="runScenario" time="0.003"/>
  <testcase classname="testrunner.tagsTestRunner" name="runScenario" time="0.002"/>
  <testcase classname="testrunner.tagsTestRunner" name="runScenario" time="0.003"/>
</testsuite> <!-- testrunner.tagsTestRunner -->
