<?xml version="1.0" encoding="UTF-8"?>
<!-- Generated by org.testng.reporters.JUnitReportReporter -->
<testsuite hostname="LAPTOP-RKEVC29F" failures="0" tests="1" name="testrunner.testrun" time="16.787" errors="0" timestamp="2025-07-23T16:32:30 IST" skipped="0">
  <testcase classname="testrunner.testrun" name="runScenario" time="16.787"/>
</testsuite> <!-- testrunner.testrun -->
